SF:lib\feature\data\models\lesson_model.dart
DA:4,5
DA:13,0
DA:23,1
DA:24,1
DA:25,1
DA:26,1
DA:27,1
DA:28,1
DA:29,1
DA:30,1
DA:31,1
DA:35,1
DA:36,1
DA:37,1
DA:38,1
DA:39,1
DA:40,1
DA:41,1
DA:42,1
DA:43,1
DA:47,0
DA:56,0
DA:57,0
DA:58,0
DA:59,0
DA:60,0
DA:61,0
DA:62,0
DA:63,0
LF:29
LH:19
end_of_record
SF:lib\feature\domain\entities\lesson_entity.dart
DA:12,9
DA:22,0
DA:24,0
DA:27,1
DA:28,1
DA:29,1
DA:30,1
DA:31,1
DA:32,1
DA:33,1
DA:34,1
DA:35,1
LF:12
LH:10
end_of_record
SF:lib\feature\data\models\school_bell_model.dart
DA:4,6
DA:10,0
DA:17,1
DA:18,1
DA:19,1
DA:20,1
DA:21,1
DA:22,1
DA:26,1
DA:27,1
DA:28,1
DA:29,1
DA:30,1
DA:31,1
DA:35,0
DA:41,0
DA:42,0
DA:43,0
DA:44,0
DA:45,0
LF:20
LH:13
end_of_record
SF:lib\feature\domain\entities\school_bell_entity.dart
DA:9,10
DA:16,1
DA:18,5
DA:20,0
DA:22,0
LF:5
LH:3
end_of_record
SF:lib\core\error\failure.dart
DA:4,4
DA:5,0
DA:6,0
DA:13,4
DA:14,0
DA:15,0
LF:6
LH:2
end_of_record
SF:lib\feature\domain\entities\person_entity.dart
DA:10,11
DA:17,2
DA:18,12
DA:20,0
DA:22,0
LF:5
LH:3
end_of_record
SF:lib\feature\domain\usecases\auth_login_usecase.dart
DA:8,1
DA:10,1
DA:12,2
LF:3
LH:3
end_of_record
SF:lib\core\error\exception.dart
DA:3,3
LF:1
LH:1
end_of_record
SF:lib\core\platform\cache_folder_path.dart
DA:5,0
DA:6,0
DA:7,0
LF:3
LH:0
end_of_record
SF:lib\core\platform\network_info.dart
DA:10,0
DA:12,0
DA:13,0
LF:3
LH:0
end_of_record
SF:lib\feature\data\datasources\local_datasource.dart
DA:12,0
DA:14,0
DA:15,0
DA:17,0
DA:19,0
DA:22,0
DA:24,0
LF:7
LH:0
end_of_record
SF:lib\feature\data\datasources\remote_datasource.dart
DA:49,0
DA:55,0
DA:58,0
DA:60,0
DA:66,0
DA:67,0
DA:69,0
DA:72,0
DA:74,0
DA:82,0
DA:85,0
DA:86,0
DA:88,0
DA:89,0
DA:90,0
DA:93,0
DA:95,0
DA:97,0
DA:105,0
DA:107,0
DA:110,0
DA:113,0
DA:114,0
DA:115,0
DA:116,0
DA:117,0
DA:118,0
DA:120,0
DA:121,0
DA:122,0
DA:123,0
DA:124,0
DA:125,0
DA:128,0
DA:129,0
DA:131,0
DA:132,0
DA:135,0
DA:139,0
DA:140,0
DA:141,0
DA:147,0
DA:149,0
DA:153,0
DA:156,0
DA:159,0
DA:160,0
DA:161,0
DA:162,0
DA:163,0
DA:164,0
DA:171,0
DA:174,0
DA:177,0
DA:178,0
DA:179,0
DA:182,0
DA:184,0
DA:186,0
DA:193,0
DA:194,0
DA:196,0
DA:200,0
DA:202,0
DA:203,0
DA:207,0
DA:208,0
DA:209,0
DA:210,0
DA:212,0
DA:216,0
DA:217,0
DA:219,0
DA:222,0
DA:224,0
DA:226,0
DA:227,0
DA:228,0
DA:229,0
DA:230,0
DA:231,0
DA:234,0
DA:236,0
DA:240,0
DA:243,0
DA:245,0
DA:249,0
DA:252,0
DA:253,0
DA:254,0
DA:255,0
DA:256,0
DA:258,0
DA:262,0
DA:265,0
DA:266,0
DA:267,0
DA:268,0
DA:269,0
DA:270,0
DA:271,0
DA:272,0
DA:273,0
DA:275,0
DA:277,0
DA:281,0
DA:284,0
DA:286,0
DA:288,0
DA:289,0
DA:290,0
DA:293,0
DA:295,0
DA:299,0
DA:302,0
DA:304,0
DA:308,0
DA:312,0
DA:313,0
DA:314,0
DA:315,0
DA:316,0
DA:318,0
DA:322,0
DA:325,0
DA:326,0
DA:327,0
DA:328,0
DA:329,0
DA:330,0
DA:332,0
DA:334,0
LF:132
LH:0
end_of_record
SF:lib\feature\data\models\peron_model.dart
DA:4,7
DA:11,1
DA:20,1
DA:21,1
DA:22,1
DA:23,1
DA:24,1
DA:25,1
DA:26,1
DA:30,1
DA:31,1
DA:32,1
DA:33,1
DA:34,1
DA:35,1
DA:36,1
DA:40,1
DA:47,1
DA:48,1
DA:49,0
DA:50,0
DA:51,1
DA:52,1
LF:23
LH:21
end_of_record
SF:lib\feature\data\repositories\repository_impl.dart
DA:19,1
DA:25,1
DA:28,2
DA:30,2
DA:33,1
DA:34,1
DA:38,1
DA:39,1
DA:43,0
DA:44,0
DA:51,1
DA:54,2
DA:56,2
DA:58,2
DA:59,2
DA:60,1
DA:61,0
DA:62,0
DA:70,1
DA:72,2
DA:73,3
DA:79,1
DA:82,2
DA:85,2
DA:86,3
DA:87,0
DA:88,0
DA:96,1
DA:98,2
DA:101,2
DA:102,1
DA:103,0
DA:104,0
DA:112,1
DA:114,2
DA:116,3
DA:117,0
DA:118,0
DA:124,1
DA:125,2
DA:127,1
DA:128,2
DA:130,1
DA:131,2
DA:133,0
DA:135,0
DA:137,0
DA:138,0
DA:139,0
DA:145,0
DA:147,0
DA:149,0
DA:150,0
DA:151,0
DA:157,0
DA:159,0
DA:161,0
DA:162,0
DA:163,0
DA:169,0
DA:171,0
DA:173,0
DA:174,0
DA:175,0
DA:181,0
DA:183,0
DA:185,0
DA:186,0
DA:187,0
DA:193,0
DA:195,0
DA:197,0
DA:198,0
DA:199,0
DA:205,0
DA:207,0
DA:209,0
DA:210,0
DA:211,0
DA:217,0
DA:219,0
DA:221,0
DA:222,0
DA:223,0
LF:84
LH:34
end_of_record
SF:lib\feature\domain\usecases\auth_forgot_password.dart
DA:7,1
DA:9,1
DA:10,2
LF:3
LH:3
end_of_record
SF:lib\feature\domain\usecases\auth_is_logged_in_usecase.dart
DA:5,1
DA:7,3
LF:2
LH:2
end_of_record
SF:lib\feature\domain\usecases\auth_logout_usecase.dart
DA:7,1
DA:9,1
DA:10,2
LF:3
LH:3
end_of_record
SF:lib\feature\domain\usecases\auth_signup_usecase.dart
DA:8,1
DA:10,1
DA:12,2
LF:3
LH:3
end_of_record
SF:lib\feature\domain\usecases\bells_add_usecase.dart
DA:8,1
DA:10,1
DA:11,2
LF:3
LH:3
end_of_record
SF:lib\feature\domain\usecases\bells_delete_usecase.dart
DA:8,1
DA:10,1
DA:11,2
LF:3
LH:3
end_of_record
SF:lib\feature\domain\usecases\bells_get_all_usecase.dart
DA:8,1
DA:10,1
DA:11,2
LF:3
LH:3
end_of_record
SF:lib\feature\domain\usecases\bells_update_usecase.dart
DA:8,1
DA:10,1
DA:11,2
LF:3
LH:3
end_of_record
SF:lib\feature\domain\usecases\lesson_add_usecase.dart
DA:8,1
DA:10,1
DA:11,2
LF:3
LH:3
end_of_record
SF:lib\feature\domain\usecases\lesson_delete_usecase.dart
DA:8,1
DA:10,1
DA:11,2
LF:3
LH:3
end_of_record
SF:lib\feature\domain\usecases\lesson_get_all_usecase.dart
DA:8,1
DA:10,1
DA:11,2
LF:3
LH:3
end_of_record
SF:lib\feature\domain\usecases\lesson_update_usecase.dart
DA:8,1
DA:10,1
DA:11,2
LF:3
LH:3
end_of_record
SF:lib\feature\domain\usecases\peron_get_user_cached_password.dart
DA:5,1
DA:7,1
DA:8,2
LF:3
LH:3
end_of_record
SF:lib\feature\domain\usecases\person_get_user_data_usecase.dart
DA:8,1
DA:10,1
DA:11,2
LF:3
LH:3
end_of_record
SF:lib\feature\domain\usecases\person_get_user_uid.dart
DA:5,1
DA:7,1
DA:8,2
LF:3
LH:3
end_of_record
SF:lib\feature\domain\usecases\person_update_user_data_usecase.dart
DA:8,1
DA:10,1
DA:12,2
LF:3
LH:3
end_of_record
